<?xml version="1.0" encoding="UTF-8"?>
<!-- Generated by org.testng.reporters.JUnitXMLReporter -->
<testsuite ignored="0" hostname="LAPTOP-65R4DKN8" failures="0" tests="10" name="Surefire test" time="17.552" errors="0" timestamp="2024-06-19T10:06:12 IST">
  <testcase classname="api.test.DDTests" name="testPostuser" time="2.924"/>
  <testcase classname="api.test.DDTests" name="testPostuser" time="1.195"/>
  <testcase classname="api.test.DDTests" name="testPostuser" time="1.234"/>
  <testcase classname="api.test.DDTests" name="testDeleteUserByName" time="1.435"/>
  <testcase classname="api.test.DDTests" name="testDeleteUserByName" time="1.235"/>
  <testcase classname="api.test.DDTests" name="testDeleteUserByName" time="1.256"/>
  <testcase classname="api.test.UserTests" name="testPostUser" time="1.464"/>
  <testcase classname="api.test.UserTests" name="testGetUser" time="1.256"/>
  <testcase classname="api.test.UserTests" name="testUpdateUserByName" time="2.559"/>
  <testcase classname="api.test.UserTests" name="testDeleteUserByName" time="1.135"/>
</testsuite> <!-- Surefire test -->
