<?xml version="1.0" encoding="UTF-8"?>
<testng-results ignored="0" total="4" passed="4" failed="0" skipped="0">
  <reporter-output>
  </reporter-output>
  <suite started-at="2024-06-18T17:37:57 IST" name="Suite" finished-at="2024-06-18T17:38:06 IST" duration-ms="8228">
    <groups>
    </groups>
    <test started-at="2024-06-18T17:37:57 IST" name="Test" finished-at="2024-06-18T17:38:06 IST" duration-ms="8228">
      <class name="api.test.UserTests2UsingPropertiesFile">
        <test-method is-config="true" signature="setupData()[pri:0, instance:api.test.UserTests2UsingPropertiesFile@273444fe]" started-at="2024-06-18T17:37:58 IST" name="setupData" finished-at="2024-06-18T17:37:58 IST" duration-ms="717" status="PASS">
          <reporter-output>
          </reporter-output>
        </test-method> <!-- setupData -->
        <test-method signature="testPostUser()[pri:1, instance:api.test.UserTests2UsingPropertiesFile@273444fe]" started-at="2024-06-18T17:37:58 IST" name="testPostUser" finished-at="2024-06-18T17:38:01 IST" duration-ms="2721" status="PASS">
          <reporter-output>
          </reporter-output>
        </test-method> <!-- testPostUser -->
        <test-method signature="testGetUser()[pri:2, instance:api.test.UserTests2UsingPropertiesFile@273444fe]" started-at="2024-06-18T17:38:01 IST" name="testGetUser" finished-at="2024-06-18T17:38:02 IST" duration-ms="1137" status="PASS">
          <reporter-output>
          </reporter-output>
        </test-method> <!-- testGetUser -->
        <test-method signature="testUpdateUserByName()[pri:3, instance:api.test.UserTests2UsingPropertiesFile@273444fe]" started-at="2024-06-18T17:38:02 IST" name="testUpdateUserByName" finished-at="2024-06-18T17:38:05 IST" duration-ms="2273" status="PASS">
          <reporter-output>
          </reporter-output>
        </test-method> <!-- testUpdateUserByName -->
        <test-method signature="testDeleteUserByName()[pri:4, instance:api.test.UserTests2UsingPropertiesFile@273444fe]" started-at="2024-06-18T17:38:05 IST" name="testDeleteUserByName" finished-at="2024-06-18T17:38:06 IST" duration-ms="1096" status="PASS">
          <reporter-output>
          </reporter-output>
        </test-method> <!-- testDeleteUserByName -->
      </class> <!-- api.test.UserTests2UsingPropertiesFile -->
    </test> <!-- Test -->
  </suite> <!-- Suite -->
</testng-results>
